<?xml version="1.0" encoding="UTF-8"?>
<testsuite name="Runner" tests="0" skipped="0" failures="0" errors="0" timestamp="1970-01-01T00:00:00" hostname="DESKTOP-U91HRS1" time="0.0">
  <properties/>
  <system-out><![CDATA[
1 Scenarios (?[32m1 passed?[0m)
6 Steps (?[32m6 passed?[0m)
1m55.221s

]]></system-out>
  <system-err><![CDATA[]]></system-err>
</testsuite>
